<?xml version="1.0" encoding="UTF-8"?>
<!-- Generated by org.testng.reporters.JUnitReportReporter -->
<testsuite skipped="0" hostname="11WF7H2" name="com.collinsongroup.test_cases.regression.VendingMachingTest" tests="1" failures="0" timestamp="2021-08-12T10:13:54 BST" time="0.018" errors="0">
  <testcase name="test_Products_Selection" time="0.018" classname="com.collinsongroup.test_cases.regression.VendingMachingTest"/>
  <system-out/>
</testsuite> <!-- com.collinsongroup.test_cases.regression.VendingMachingTest -->
