<?xml version="1.0" encoding="UTF-8"?>
<!-- Generated by org.testng.reporters.JUnitReportReporter -->
<testsuite skipped="0" hostname="11WF7H2" name="com.collinsongroup.test_cases.regression.VendingMachineTests" tests="4" failures="0" timestamp="2021-08-12T14:30:33 BST" time="0.022" errors="0">
  <testcase name="test_Products_Selection" time="0.017" classname="com.collinsongroup.test_cases.regression.VendingMachineTests"/>
  <system-out/>
  <testcase name="test_Insert_Coins" time="0.002" classname="com.collinsongroup.test_cases.regression.VendingMachineTests"/>
  <system-out/>
  <testcase name="test_Change" time="0.002" classname="com.collinsongroup.test_cases.regression.VendingMachineTests"/>
  <system-out/>
  <testcase name="test_Insufficient_Funds_Buy_Return_Change" time="0.001" classname="com.collinsongroup.test_cases.regression.VendingMachineTests"/>
  <system-out/>
</testsuite> <!-- com.collinsongroup.test_cases.regression.VendingMachineTests -->
